android/app/build/intermediates/manifest_merge_blame_file/debug/processDebugMainManifest/manifest-merger-blame-debug-report.txt
1<?xml version="1.0" encoding="utf-8"?>
2<manifest xmlns:android="http://schemas.android.com/apk/res/android"
3    package="com.laurin.tarot"
4    android:versionCode="1"
5    android:versionName="1.0.0" >
6
7    <uses-sdk
8        android:minSdkVersion="24"
9        android:targetSdkVersion="34" />
10
11    <uses-permission android:name="android.permission.SYSTEM_ALERT_WINDOW" />
11-->src\main\AndroidManifest.xml:4:3-75
11-->src\main\AndroidManifest.xml:4:20-73
12    <uses-permission android:name="android.permission.INTERNET" />
12-->src\main\AndroidManifest.xml:2:3-64
12-->src\main\AndroidManifest.xml:2:20-62
13    <uses-permission
13-->src\main\AndroidManifest.xml:3:3-77
14        android:name="android.permission.READ_EXTERNAL_STORAGE"
14-->src\main\AndroidManifest.xml:3:20-75
15        android:maxSdkVersion="32" />
15-->[:expo-image] AndroidManifest.xml:17:9-35
16    <uses-permission android:name="android.permission.VIBRATE" />
16-->src\main\AndroidManifest.xml:5:3-63
16-->src\main\AndroidManifest.xml:5:20-61
17    <uses-permission android:name="android.permission.WRITE_EXTERNAL_STORAGE" />
17-->src\main\AndroidManifest.xml:6:3-78
17-->src\main\AndroidManifest.xml:6:20-76
18
19    <queries>
19-->src\main\AndroidManifest.xml:7:3-13:13
20        <intent>
20-->src\main\AndroidManifest.xml:8:5-12:14
21            <action android:name="android.intent.action.VIEW" />
21-->src\main\AndroidManifest.xml:9:7-58
21-->src\main\AndroidManifest.xml:9:15-56
22
23            <category android:name="android.intent.category.BROWSABLE" />
23-->src\main\AndroidManifest.xml:10:7-67
23-->src\main\AndroidManifest.xml:10:17-65
24
25            <data android:scheme="https" />
25-->src\main\AndroidManifest.xml:11:7-37
25-->src\main\AndroidManifest.xml:11:13-35
26        </intent>
27
28        <package android:name="host.exp.exponent" /> <!-- Query open documents -->
28-->[:expo-dev-launcher] AndroidManifest.xml:8:9-53
28-->[:expo-dev-launcher] AndroidManifest.xml:8:18-50
29        <intent>
29-->[:expo-file-system] AndroidManifest.xml:15:9-17:18
30            <action android:name="android.intent.action.OPEN_DOCUMENT_TREE" />
30-->[:expo-file-system] AndroidManifest.xml:16:13-79
30-->[:expo-file-system] AndroidManifest.xml:16:21-76
31        </intent>
32        <intent>
32-->[:expo-web-browser] AndroidManifest.xml:8:9-12:18
33
34            <!-- Required for opening tabs if targeting API 30 -->
35            <action android:name="android.support.customtabs.action.CustomTabsService" />
35-->[:expo-web-browser] AndroidManifest.xml:11:13-90
35-->[:expo-web-browser] AndroidManifest.xml:11:21-87
36        </intent>
37    </queries>
38
39    <uses-permission android:name="android.permission.ACCESS_NETWORK_STATE" />
39-->[:react-native-community_netinfo] AndroidManifest.xml:7:5-79
39-->[:react-native-community_netinfo] AndroidManifest.xml:7:22-76
40    <uses-permission android:name="android.permission.ACCESS_WIFI_STATE" />
40-->[:react-native-community_netinfo] AndroidManifest.xml:8:5-76
40-->[:react-native-community_netinfo] AndroidManifest.xml:8:22-73
41    <uses-permission android:name="android.permission.WAKE_LOCK" />
41-->[:react-native-firebase_analytics] AndroidManifest.xml:9:5-68
41-->[:react-native-firebase_analytics] AndroidManifest.xml:9:22-65
42    <uses-permission android:name="com.google.android.finsky.permission.BIND_GET_INSTALL_REFERRER_SERVICE" />
42-->[com.google.android.gms:play-services-measurement:22.4.0] AndroidManifest.xml:26:5-110
42-->[com.google.android.gms:play-services-measurement:22.4.0] AndroidManifest.xml:26:22-107
43    <uses-permission android:name="com.google.android.gms.permission.AD_ID" />
43-->[com.google.android.gms:play-services-measurement-impl:22.4.0] AndroidManifest.xml:27:5-79
43-->[com.google.android.gms:play-services-measurement-impl:22.4.0] AndroidManifest.xml:27:22-76
44    <uses-permission android:name="android.permission.USE_BIOMETRIC" /> <!-- suppress DeprecatedClassUsageInspection -->
44-->[androidx.biometric:biometric:1.1.0] AndroidManifest.xml:24:5-72
44-->[androidx.biometric:biometric:1.1.0] AndroidManifest.xml:24:22-69
45    <uses-permission android:name="android.permission.USE_FINGERPRINT" />
45-->[androidx.biometric:biometric:1.1.0] AndroidManifest.xml:27:5-74
45-->[androidx.biometric:biometric:1.1.0] AndroidManifest.xml:27:22-71
46    <uses-permission android:name="android.permission.ACCESS_ADSERVICES_ATTRIBUTION" />
46-->[com.google.android.gms:play-services-measurement-api:22.4.0] AndroidManifest.xml:26:5-88
46-->[com.google.android.gms:play-services-measurement-api:22.4.0] AndroidManifest.xml:26:22-85
47    <uses-permission android:name="android.permission.ACCESS_ADSERVICES_AD_ID" />
47-->[com.google.android.gms:play-services-measurement-api:22.4.0] AndroidManifest.xml:27:5-82
47-->[com.google.android.gms:play-services-measurement-api:22.4.0] AndroidManifest.xml:27:22-79
48    <uses-permission android:name="com.google.android.providers.gsf.permission.READ_GSERVICES" />
48-->[com.google.android.recaptcha:recaptcha:18.6.1] AndroidManifest.xml:9:5-98
48-->[com.google.android.recaptcha:recaptcha:18.6.1] AndroidManifest.xml:9:22-95
49
50    <permission
50-->[androidx.core:core:1.13.1] AndroidManifest.xml:22:5-24:47
51        android:name="com.laurin.tarot.DYNAMIC_RECEIVER_NOT_EXPORTED_PERMISSION"
51-->[androidx.core:core:1.13.1] AndroidManifest.xml:23:9-81
52        android:protectionLevel="signature" />
52-->[androidx.core:core:1.13.1] AndroidManifest.xml:24:9-44
53
54    <uses-permission android:name="com.laurin.tarot.DYNAMIC_RECEIVER_NOT_EXPORTED_PERMISSION" />
54-->[androidx.core:core:1.13.1] AndroidManifest.xml:26:5-97
54-->[androidx.core:core:1.13.1] AndroidManifest.xml:26:22-94
55
56    <application
56-->src\main\AndroidManifest.xml:14:3-32:17
57        android:name="com.laurin.tarot.MainApplication"
57-->src\main\AndroidManifest.xml:14:16-47
58        android:allowBackup="true"
58-->src\main\AndroidManifest.xml:14:162-188
59        android:appComponentFactory="androidx.core.app.CoreComponentFactory"
59-->[androidx.core:core:1.13.1] AndroidManifest.xml:28:18-86
60        android:dataExtractionRules="@xml/secure_store_data_extraction_rules"
60-->src\main\AndroidManifest.xml:14:307-376
61        android:debuggable="true"
62        android:extractNativeLibs="false"
63        android:fullBackupContent="@xml/secure_store_backup_rules"
63-->src\main\AndroidManifest.xml:14:248-306
64        android:icon="@mipmap/ic_launcher"
64-->src\main\AndroidManifest.xml:14:81-115
65        android:label="@string/app_name"
65-->src\main\AndroidManifest.xml:14:48-80
66        android:roundIcon="@mipmap/ic_launcher_round"
66-->src\main\AndroidManifest.xml:14:116-161
67        android:supportsRtl="true"
67-->src\main\AndroidManifest.xml:14:221-247
68        android:theme="@style/AppTheme"
68-->src\main\AndroidManifest.xml:14:189-220
69        android:usesCleartextTraffic="true" >
69-->src\debug\AndroidManifest.xml:6:18-53
70        <meta-data
70-->src\main\AndroidManifest.xml:15:5-82
71            android:name="expo.modules.updates.ENABLED"
71-->src\main\AndroidManifest.xml:15:16-59
72            android:value="true" />
72-->src\main\AndroidManifest.xml:15:60-80
73        <meta-data
73-->src\main\AndroidManifest.xml:16:5-105
74            android:name="expo.modules.updates.EXPO_UPDATES_CHECK_ON_LAUNCH"
74-->src\main\AndroidManifest.xml:16:16-80
75            android:value="ALWAYS" />
75-->src\main\AndroidManifest.xml:16:81-103
76        <meta-data
76-->src\main\AndroidManifest.xml:17:5-99
77            android:name="expo.modules.updates.EXPO_UPDATES_LAUNCH_WAIT_MS"
77-->src\main\AndroidManifest.xml:17:16-79
78            android:value="0" />
78-->src\main\AndroidManifest.xml:17:80-97
79
80        <activity
80-->src\main\AndroidManifest.xml:18:5-31:16
81            android:name="com.laurin.tarot.MainActivity"
81-->src\main\AndroidManifest.xml:18:15-43
82            android:configChanges="keyboard|keyboardHidden|orientation|screenSize|screenLayout|uiMode"
82-->src\main\AndroidManifest.xml:18:44-134
83            android:exported="true"
83-->src\main\AndroidManifest.xml:18:256-279
84            android:launchMode="singleTask"
84-->src\main\AndroidManifest.xml:18:135-166
85            android:screenOrientation="portrait"
85-->src\main\AndroidManifest.xml:18:280-316
86            android:theme="@style/Theme.App.SplashScreen"
86-->src\main\AndroidManifest.xml:18:210-255
87            android:windowSoftInputMode="adjustResize" >
87-->src\main\AndroidManifest.xml:18:167-209
88            <intent-filter>
88-->src\main\AndroidManifest.xml:19:7-22:23
89                <action android:name="android.intent.action.MAIN" />
89-->src\main\AndroidManifest.xml:20:9-60
89-->src\main\AndroidManifest.xml:20:17-58
90
91                <category android:name="android.intent.category.LAUNCHER" />
91-->src\main\AndroidManifest.xml:21:9-68
91-->src\main\AndroidManifest.xml:21:19-66
92            </intent-filter>
93            <intent-filter>
93-->src\main\AndroidManifest.xml:23:7-30:23
94                <action android:name="android.intent.action.VIEW" />
94-->src\main\AndroidManifest.xml:9:7-58
94-->src\main\AndroidManifest.xml:9:15-56
95
96                <category android:name="android.intent.category.DEFAULT" />
96-->src\main\AndroidManifest.xml:25:9-67
96-->src\main\AndroidManifest.xml:25:19-65
97                <category android:name="android.intent.category.BROWSABLE" />
97-->src\main\AndroidManifest.xml:10:7-67
97-->src\main\AndroidManifest.xml:10:17-65
98
99                <data android:scheme="tarot" />
99-->src\main\AndroidManifest.xml:11:7-37
99-->src\main\AndroidManifest.xml:11:13-35
100                <data android:scheme="com.laurin.tarot" />
100-->src\main\AndroidManifest.xml:11:7-37
100-->src\main\AndroidManifest.xml:11:13-35
101                <data android:scheme="exp+tarot" />
101-->src\main\AndroidManifest.xml:11:7-37
101-->src\main\AndroidManifest.xml:11:13-35
102            </intent-filter>
103        </activity>
104
105        <provider
105-->[:react-native-webview] AndroidManifest.xml:8:9-16:20
106            android:name="com.reactnativecommunity.webview.RNCWebViewFileProvider"
106-->[:react-native-webview] AndroidManifest.xml:9:13-83
107            android:authorities="com.laurin.tarot.fileprovider"
107-->[:react-native-webview] AndroidManifest.xml:10:13-64
108            android:exported="false"
108-->[:react-native-webview] AndroidManifest.xml:11:13-37
109            android:grantUriPermissions="true" >
109-->[:react-native-webview] AndroidManifest.xml:12:13-47
110            <meta-data
110-->[:react-native-webview] AndroidManifest.xml:13:13-15:63
111                android:name="android.support.FILE_PROVIDER_PATHS"
111-->[:react-native-webview] AndroidManifest.xml:14:17-67
112                android:resource="@xml/file_provider_paths" />
112-->[:react-native-webview] AndroidManifest.xml:15:17-60
113        </provider>
114
115        <meta-data
115-->[:react-native-firebase_analytics] AndroidManifest.xml:12:9-14:36
116            android:name="firebase_analytics_collection_enabled"
116-->[:react-native-firebase_analytics] AndroidManifest.xml:13:13-65
117            android:value="true" />
117-->[:react-native-firebase_analytics] AndroidManifest.xml:14:13-33
118        <meta-data
118-->[:react-native-firebase_analytics] AndroidManifest.xml:15:9-17:37
119            android:name="firebase_analytics_collection_deactivated"
119-->[:react-native-firebase_analytics] AndroidManifest.xml:16:13-69
120            android:value="false" />
120-->[:react-native-firebase_analytics] AndroidManifest.xml:17:13-34
121        <meta-data
121-->[:react-native-firebase_analytics] AndroidManifest.xml:18:9-20:36
122            android:name="google_analytics_adid_collection_enabled"
122-->[:react-native-firebase_analytics] AndroidManifest.xml:19:13-68
123            android:value="true" />
123-->[:react-native-firebase_analytics] AndroidManifest.xml:20:13-33
124        <meta-data
124-->[:react-native-firebase_analytics] AndroidManifest.xml:21:9-23:36
125            android:name="google_analytics_ssaid_collection_enabled"
125-->[:react-native-firebase_analytics] AndroidManifest.xml:22:13-69
126            android:value="true" />
126-->[:react-native-firebase_analytics] AndroidManifest.xml:23:13-33
127        <meta-data
127-->[:react-native-firebase_analytics] AndroidManifest.xml:24:9-26:36
128            android:name="google_analytics_automatic_screen_reporting_enabled"
128-->[:react-native-firebase_analytics] AndroidManifest.xml:25:13-79
129            android:value="true" />
129-->[:react-native-firebase_analytics] AndroidManifest.xml:26:13-33
130        <meta-data
130-->[:react-native-firebase_analytics] AndroidManifest.xml:27:9-29:36
131            android:name="google_analytics_default_allow_analytics_storage"
131-->[:react-native-firebase_analytics] AndroidManifest.xml:28:13-76
132            android:value="true" />
132-->[:react-native-firebase_analytics] AndroidManifest.xml:29:13-33
133        <meta-data
133-->[:react-native-firebase_analytics] AndroidManifest.xml:30:9-32:36
134            android:name="google_analytics_default_allow_ad_storage"
134-->[:react-native-firebase_analytics] AndroidManifest.xml:31:13-69
135            android:value="true" />
135-->[:react-native-firebase_analytics] AndroidManifest.xml:32:13-33
136        <meta-data
136-->[:react-native-firebase_analytics] AndroidManifest.xml:33:9-35:36
137            android:name="google_analytics_default_allow_ad_user_data"
137-->[:react-native-firebase_analytics] AndroidManifest.xml:34:13-71
138            android:value="true" />
138-->[:react-native-firebase_analytics] AndroidManifest.xml:35:13-33
139        <meta-data
139-->[:react-native-firebase_analytics] AndroidManifest.xml:36:9-38:36
140            android:name="google_analytics_default_allow_ad_personalization_signals"
140-->[:react-native-firebase_analytics] AndroidManifest.xml:37:13-85
141            android:value="true" />
141-->[:react-native-firebase_analytics] AndroidManifest.xml:38:13-33
142        <meta-data
142-->[:react-native-firebase_app] AndroidManifest.xml:9:9-11:36
143            android:name="app_data_collection_default_enabled"
143-->[:react-native-firebase_app] AndroidManifest.xml:10:13-63
144            android:value="true" />
144-->[:react-native-firebase_app] AndroidManifest.xml:11:13-33
145
146        <service
146-->[:react-native-firebase_app] AndroidManifest.xml:13:9-21:19
147            android:name="com.google.firebase.components.ComponentDiscoveryService"
147-->[:react-native-firebase_app] AndroidManifest.xml:14:13-84
148            android:directBootAware="true"
148-->[:react-native-firebase_app] AndroidManifest.xml:15:13-43
149            android:exported="false" >
149-->[:react-native-firebase_app] AndroidManifest.xml:16:13-37
150            <meta-data
150-->[:react-native-firebase_app] AndroidManifest.xml:18:13-20:85
151                android:name="com.google.firebase.components:io.invertase.firebase.app.ReactNativeFirebaseAppRegistrar"
151-->[:react-native-firebase_app] AndroidManifest.xml:19:17-120
152                android:value="com.google.firebase.components.ComponentRegistrar" />
152-->[:react-native-firebase_app] AndroidManifest.xml:20:17-82
153            <meta-data
153-->[com.google.firebase:firebase-auth:23.2.0] AndroidManifest.xml:69:13-71:85
154                android:name="com.google.firebase.components:com.google.firebase.auth.FirebaseAuthRegistrar"
154-->[com.google.firebase:firebase-auth:23.2.0] AndroidManifest.xml:70:17-109
155                android:value="com.google.firebase.components.ComponentRegistrar" />
155-->[com.google.firebase:firebase-auth:23.2.0] AndroidManifest.xml:71:17-82
156            <meta-data
156-->[com.google.android.gms:play-services-measurement-api:22.4.0] AndroidManifest.xml:33:13-35:85
157                android:name="com.google.firebase.components:com.google.firebase.analytics.connector.internal.AnalyticsConnectorRegistrar"
157-->[com.google.android.gms:play-services-measurement-api:22.4.0] AndroidManifest.xml:34:17-139
158                android:value="com.google.firebase.components.ComponentRegistrar" />
158-->[com.google.android.gms:play-services-measurement-api:22.4.0] AndroidManifest.xml:35:17-82
159            <meta-data
159-->[com.google.firebase:firebase-installations:18.0.0] AndroidManifest.xml:15:13-17:85
160                android:name="com.google.firebase.components:com.google.firebase.installations.FirebaseInstallationsKtxRegistrar"
160-->[com.google.firebase:firebase-installations:18.0.0] AndroidManifest.xml:16:17-130
161                android:value="com.google.firebase.components.ComponentRegistrar" />
161-->[com.google.firebase:firebase-installations:18.0.0] AndroidManifest.xml:17:17-82
162            <meta-data
162-->[com.google.firebase:firebase-installations:18.0.0] AndroidManifest.xml:18:13-20:85
163                android:name="com.google.firebase.components:com.google.firebase.installations.FirebaseInstallationsRegistrar"
163-->[com.google.firebase:firebase-installations:18.0.0] AndroidManifest.xml:19:17-127
164                android:value="com.google.firebase.components.ComponentRegistrar" />
164-->[com.google.firebase:firebase-installations:18.0.0] AndroidManifest.xml:20:17-82
165            <meta-data
165-->[com.google.firebase:firebase-common-ktx:21.0.0] AndroidManifest.xml:12:13-14:85
166                android:name="com.google.firebase.components:com.google.firebase.ktx.FirebaseCommonLegacyRegistrar"
166-->[com.google.firebase:firebase-common-ktx:21.0.0] AndroidManifest.xml:13:17-116
167                android:value="com.google.firebase.components.ComponentRegistrar" />
167-->[com.google.firebase:firebase-common-ktx:21.0.0] AndroidManifest.xml:14:17-82
168            <meta-data
168-->[com.google.firebase:firebase-common:21.0.0] AndroidManifest.xml:35:13-37:85
169                android:name="com.google.firebase.components:com.google.firebase.FirebaseCommonKtxRegistrar"
169-->[com.google.firebase:firebase-common:21.0.0] AndroidManifest.xml:36:17-109
170                android:value="com.google.firebase.components.ComponentRegistrar" />
170-->[com.google.firebase:firebase-common:21.0.0] AndroidManifest.xml:37:17-82
171        </service>
172
173        <provider
173-->[:react-native-firebase_app] AndroidManifest.xml:23:9-27:38
174            android:name="io.invertase.firebase.app.ReactNativeFirebaseAppInitProvider"
174-->[:react-native-firebase_app] AndroidManifest.xml:24:13-88
175            android:authorities="com.laurin.tarot.reactnativefirebaseappinitprovider"
175-->[:react-native-firebase_app] AndroidManifest.xml:25:13-86
176            android:exported="false"
176-->[:react-native-firebase_app] AndroidManifest.xml:26:13-37
177            android:initOrder="99" />
177-->[:react-native-firebase_app] AndroidManifest.xml:27:13-35
178
179        <activity
179-->[:expo-dev-launcher] AndroidManifest.xml:12:9-25:20
180            android:name="expo.modules.devlauncher.launcher.DevLauncherActivity"
180-->[:expo-dev-launcher] AndroidManifest.xml:13:13-81
181            android:exported="true"
181-->[:expo-dev-launcher] AndroidManifest.xml:14:13-36
182            android:launchMode="singleTask"
182-->[:expo-dev-launcher] AndroidManifest.xml:15:13-44
183            android:theme="@style/Theme.DevLauncher.LauncherActivity" >
183-->[:expo-dev-launcher] AndroidManifest.xml:16:13-70
184            <intent-filter>
184-->[:expo-dev-launcher] AndroidManifest.xml:17:13-24:29
185                <action android:name="android.intent.action.VIEW" />
185-->src\main\AndroidManifest.xml:9:7-58
185-->src\main\AndroidManifest.xml:9:15-56
186
187                <category android:name="android.intent.category.DEFAULT" />
187-->src\main\AndroidManifest.xml:25:9-67
187-->src\main\AndroidManifest.xml:25:19-65
188                <category android:name="android.intent.category.BROWSABLE" />
188-->src\main\AndroidManifest.xml:10:7-67
188-->src\main\AndroidManifest.xml:10:17-65
189
190                <data android:scheme="expo-dev-launcher" />
190-->src\main\AndroidManifest.xml:11:7-37
190-->src\main\AndroidManifest.xml:11:13-35
191            </intent-filter>
192        </activity>
193        <activity
193-->[:expo-dev-launcher] AndroidManifest.xml:26:9-29:70
194            android:name="expo.modules.devlauncher.launcher.errors.DevLauncherErrorActivity"
194-->[:expo-dev-launcher] AndroidManifest.xml:27:13-93
195            android:screenOrientation="portrait"
195-->[:expo-dev-launcher] AndroidManifest.xml:28:13-49
196            android:theme="@style/Theme.DevLauncher.ErrorActivity" />
196-->[:expo-dev-launcher] AndroidManifest.xml:29:13-67
197        <activity
197-->[:expo-dev-menu] AndroidManifest.xml:8:9-21:20
198            android:name="expo.modules.devmenu.DevMenuActivity"
198-->[:expo-dev-menu] AndroidManifest.xml:9:13-64
199            android:exported="true"
199-->[:expo-dev-menu] AndroidManifest.xml:10:13-36
200            android:launchMode="singleTask"
200-->[:expo-dev-menu] AndroidManifest.xml:11:13-44
201            android:theme="@style/Theme.AppCompat.Transparent.NoActionBar" >
201-->[:expo-dev-menu] AndroidManifest.xml:12:13-75
202            <intent-filter>
202-->[:expo-dev-menu] AndroidManifest.xml:13:13-20:29
203                <action android:name="android.intent.action.VIEW" />
203-->src\main\AndroidManifest.xml:9:7-58
203-->src\main\AndroidManifest.xml:9:15-56
204
205                <category android:name="android.intent.category.DEFAULT" />
205-->src\main\AndroidManifest.xml:25:9-67
205-->src\main\AndroidManifest.xml:25:19-65
206                <category android:name="android.intent.category.BROWSABLE" />
206-->src\main\AndroidManifest.xml:10:7-67
206-->src\main\AndroidManifest.xml:10:17-65
207
208                <data android:scheme="expo-dev-menu" />
208-->src\main\AndroidManifest.xml:11:7-37
208-->src\main\AndroidManifest.xml:11:13-35
209            </intent-filter>
210        </activity>
211
212        <provider
212-->[:expo-file-system] AndroidManifest.xml:21:9-30:20
213            android:name="expo.modules.filesystem.FileSystemFileProvider"
213-->[:expo-file-system] AndroidManifest.xml:22:13-74
214            android:authorities="com.laurin.tarot.FileSystemFileProvider"
214-->[:expo-file-system] AndroidManifest.xml:23:13-74
215            android:exported="false"
215-->[:expo-file-system] AndroidManifest.xml:24:13-37
216            android:grantUriPermissions="true" >
216-->[:expo-file-system] AndroidManifest.xml:25:13-47
217            <meta-data
217-->[:react-native-webview] AndroidManifest.xml:13:13-15:63
218                android:name="android.support.FILE_PROVIDER_PATHS"
218-->[:react-native-webview] AndroidManifest.xml:14:17-67
219                android:resource="@xml/file_system_provider_paths" />
219-->[:react-native-webview] AndroidManifest.xml:15:17-60
220        </provider>
221
222        <meta-data
222-->[:expo-modules-core] AndroidManifest.xml:9:9-11:89
223            android:name="org.unimodules.core.AppLoader#react-native-headless"
223-->[:expo-modules-core] AndroidManifest.xml:10:13-79
224            android:value="expo.modules.adapters.react.apploader.RNHeadlessAppLoader" />
224-->[:expo-modules-core] AndroidManifest.xml:11:13-86
225        <meta-data
225-->[:expo-modules-core] AndroidManifest.xml:12:9-15:45
226            android:name="com.facebook.soloader.enabled"
226-->[:expo-modules-core] AndroidManifest.xml:13:13-57
227            android:value="true" />
227-->[:expo-modules-core] AndroidManifest.xml:14:13-33
228
229        <activity
229-->[com.facebook.react:react-android:0.76.8] AndroidManifest.xml:19:9-21:40
230            android:name="com.facebook.react.devsupport.DevSettingsActivity"
230-->[com.facebook.react:react-android:0.76.8] AndroidManifest.xml:20:13-77
231            android:exported="false" />
231-->[com.facebook.react:react-android:0.76.8] AndroidManifest.xml:21:13-37
232        <activity
232-->[com.google.firebase:firebase-auth:23.2.0] AndroidManifest.xml:29:9-46:20
233            android:name="com.google.firebase.auth.internal.GenericIdpActivity"
233-->[com.google.firebase:firebase-auth:23.2.0] AndroidManifest.xml:30:13-80
234            android:excludeFromRecents="true"
234-->[com.google.firebase:firebase-auth:23.2.0] AndroidManifest.xml:31:13-46
235            android:exported="true"
235-->[com.google.firebase:firebase-auth:23.2.0] AndroidManifest.xml:32:13-36
236            android:launchMode="singleTask"
236-->[com.google.firebase:firebase-auth:23.2.0] AndroidManifest.xml:33:13-44
237            android:theme="@android:style/Theme.Translucent.NoTitleBar" >
237-->[com.google.firebase:firebase-auth:23.2.0] AndroidManifest.xml:34:13-72
238            <intent-filter>
238-->[com.google.firebase:firebase-auth:23.2.0] AndroidManifest.xml:35:13-45:29
239                <action android:name="android.intent.action.VIEW" />
239-->src\main\AndroidManifest.xml:9:7-58
239-->src\main\AndroidManifest.xml:9:15-56
240
241                <category android:name="android.intent.category.DEFAULT" />
241-->src\main\AndroidManifest.xml:25:9-67
241-->src\main\AndroidManifest.xml:25:19-65
242                <category android:name="android.intent.category.BROWSABLE" />
242-->src\main\AndroidManifest.xml:10:7-67
242-->src\main\AndroidManifest.xml:10:17-65
243
244                <data
244-->src\main\AndroidManifest.xml:11:7-37
245                    android:host="firebase.auth"
246                    android:path="/"
247                    android:scheme="genericidp" />
247-->src\main\AndroidManifest.xml:11:13-35
248            </intent-filter>
249        </activity>
250        <activity
250-->[com.google.firebase:firebase-auth:23.2.0] AndroidManifest.xml:47:9-64:20
251            android:name="com.google.firebase.auth.internal.RecaptchaActivity"
251-->[com.google.firebase:firebase-auth:23.2.0] AndroidManifest.xml:48:13-79
252            android:excludeFromRecents="true"
252-->[com.google.firebase:firebase-auth:23.2.0] AndroidManifest.xml:49:13-46
253            android:exported="true"
253-->[com.google.firebase:firebase-auth:23.2.0] AndroidManifest.xml:50:13-36
254            android:launchMode="singleTask"
254-->[com.google.firebase:firebase-auth:23.2.0] AndroidManifest.xml:51:13-44
255            android:theme="@android:style/Theme.Translucent.NoTitleBar" >
255-->[com.google.firebase:firebase-auth:23.2.0] AndroidManifest.xml:52:13-72
256            <intent-filter>
256-->[com.google.firebase:firebase-auth:23.2.0] AndroidManifest.xml:53:13-63:29
257                <action android:name="android.intent.action.VIEW" />
257-->src\main\AndroidManifest.xml:9:7-58
257-->src\main\AndroidManifest.xml:9:15-56
258
259                <category android:name="android.intent.category.DEFAULT" />
259-->src\main\AndroidManifest.xml:25:9-67
259-->src\main\AndroidManifest.xml:25:19-65
260                <category android:name="android.intent.category.BROWSABLE" />
260-->src\main\AndroidManifest.xml:10:7-67
260-->src\main\AndroidManifest.xml:10:17-65
261
262                <data
262-->src\main\AndroidManifest.xml:11:7-37
263                    android:host="firebase.auth"
264                    android:path="/"
265                    android:scheme="recaptcha" />
265-->src\main\AndroidManifest.xml:11:13-35
266            </intent-filter>
267        </activity>
268
269        <service
269-->[androidx.credentials:credentials-play-services-auth:1.2.0-rc01] AndroidManifest.xml:24:9-32:19
270            android:name="androidx.credentials.playservices.CredentialProviderMetadataHolder"
270-->[androidx.credentials:credentials-play-services-auth:1.2.0-rc01] AndroidManifest.xml:25:13-94
271            android:enabled="true"
271-->[androidx.credentials:credentials-play-services-auth:1.2.0-rc01] AndroidManifest.xml:26:13-35
272            android:exported="false" >
272-->[androidx.credentials:credentials-play-services-auth:1.2.0-rc01] AndroidManifest.xml:27:13-37
273            <meta-data
273-->[androidx.credentials:credentials-play-services-auth:1.2.0-rc01] AndroidManifest.xml:29:13-31:104
274                android:name="androidx.credentials.CREDENTIAL_PROVIDER_KEY"
274-->[androidx.credentials:credentials-play-services-auth:1.2.0-rc01] AndroidManifest.xml:30:17-76
275                android:value="androidx.credentials.playservices.CredentialProviderPlayServicesImpl" />
275-->[androidx.credentials:credentials-play-services-auth:1.2.0-rc01] AndroidManifest.xml:31:17-101
276        </service>
277
278        <activity
278-->[androidx.credentials:credentials-play-services-auth:1.2.0-rc01] AndroidManifest.xml:34:9-41:20
279            android:name="androidx.credentials.playservices.HiddenActivity"
279-->[androidx.credentials:credentials-play-services-auth:1.2.0-rc01] AndroidManifest.xml:35:13-76
280            android:configChanges="orientation|screenSize|screenLayout|keyboardHidden"
280-->[androidx.credentials:credentials-play-services-auth:1.2.0-rc01] AndroidManifest.xml:36:13-87
281            android:enabled="true"
281-->[androidx.credentials:credentials-play-services-auth:1.2.0-rc01] AndroidManifest.xml:37:13-35
282            android:exported="false"
282-->[androidx.credentials:credentials-play-services-auth:1.2.0-rc01] AndroidManifest.xml:38:13-37
283            android:fitsSystemWindows="true"
283-->[androidx.credentials:credentials-play-services-auth:1.2.0-rc01] AndroidManifest.xml:39:13-45
284            android:theme="@style/Theme.Hidden" >
284-->[androidx.credentials:credentials-play-services-auth:1.2.0-rc01] AndroidManifest.xml:40:13-48
285        </activity>
286        <activity
286-->[com.google.android.gms:play-services-auth:21.3.0] AndroidManifest.xml:23:9-27:75
287            android:name="com.google.android.gms.auth.api.signin.internal.SignInHubActivity"
287-->[com.google.android.gms:play-services-auth:21.3.0] AndroidManifest.xml:24:13-93
288            android:excludeFromRecents="true"